Build started 3/13/2014 8:08:20 PM.
     1>Project "C:\dev\allshape\cserver\vc10\vc10\vc10.vcxproj" on node 2 (build target(s)).
     1>InitializeBuildStatus:
         Creating "Debug\vc10.unsuccessfulbuild" because "AlwaysCreate" was specified.
       ClCompile:
         C:\Program Files (x86)\Microsoft Visual Studio 10.0\VC\bin\CL.exe /c /ZI /nologo /W3 /WX- /Od /Oy- /D _MBCS /Gm /EHsc /RTC1 /MDd /GS /fp:precise /Zc:wchar_t /Zc:forScope /Fo"Debug\\" /Fd"Debug\vc100.pdb" /Gd /TC /analyze- /errorReport:prompt ..\..\intern\requestlib.c
         requestlib.c
     1>c:\dev\allshape\cserver\intern\strutils.h(20): warning C4013: 'strlen' undefined; assuming extern returning int
     1>c:\program files (x86)\microsoft visual studio 10.0\vc\include\string.h(112): warning C4142: benign redefinition of type
     1>c:\dev\allshape\cserver\intern\requestlib.c(303): warning C4996: 'sprintf': This function or variable may be unsafe. Consider using sprintf_s instead. To disable deprecation, use _CRT_SECURE_NO_WARNINGS. See online help for details.
                 c:\program files (x86)\microsoft visual studio 10.0\vc\include\stdio.h(371) : see declaration of 'sprintf'
     1>c:\dev\allshape\cserver\intern\requestlib.c(376): warning C4996: 'strncpy': This function or variable may be unsafe. Consider using strncpy_s instead. To disable deprecation, use _CRT_SECURE_NO_WARNINGS. See online help for details.
                 c:\program files (x86)\microsoft visual studio 10.0\vc\include\string.h(188) : see declaration of 'strncpy'
     1>c:\dev\allshape\cserver\intern\requestlib.c(419): warning C4996: 'sprintf': This function or variable may be unsafe. Consider using sprintf_s instead. To disable deprecation, use _CRT_SECURE_NO_WARNINGS. See online help for details.
                 c:\program files (x86)\microsoft visual studio 10.0\vc\include\stdio.h(371) : see declaration of 'sprintf'
       Link:
         C:\Program Files (x86)\Microsoft Visual Studio 10.0\VC\bin\link.exe /ERRORREPORT:PROMPT /OUT:"C:\dev\allshape\cserver\vc10\Debug\vc10.exe" /NOLOGO kernel32.lib user32.lib gdi32.lib winspool.lib comdlg32.lib advapi32.lib shell32.lib ole32.lib oleaut32.lib uuid.lib odbc32.lib odbccp32.lib /MANIFEST /ManifestFile:"Debug\vc10.exe.intermediate.manifest" /MANIFESTUAC:"level='asInvoker' uiAccess='false'" /DEBUG /PDB:"C:\dev\allshape\cserver\vc10\Debug\vc10.pdb" /TLBID:1 /DYNAMICBASE /NXCOMPAT /IMPLIB:"C:\dev\allshape\cserver\vc10\Debug\vc10.lib" /MACHINE:X86 Debug\pages.obj
         Debug\boilerplate.obj
         Debug\hashtable.obj
         Debug\memalloc.obj
         Debug\poolalloc.obj
         Debug\requestlib.obj
         Debug\server_main.obj
         Debug\site.obj
         Debug\strutils.obj
         Debug\utils.obj
         LINK : C:\dev\allshape\cserver\vc10\Debug\vc10.exe not found or not built by the last incremental link; performing full link
         vc10.vcxproj -> C:\dev\allshape\cserver\vc10\Debug\vc10.exe
       Manifest:
         C:\Program Files (x86)\Microsoft SDKs\Windows\v7.0A\bin\mt.exe /nologo /verbose /outputresource:"C:\dev\allshape\cserver\vc10\Debug\vc10.exe;#1" /manifest Debug\vc10.exe.intermediate.manifest
       FinalizeBuildStatus:
         Deleting file "Debug\vc10.unsuccessfulbuild".
         Touching "Debug\vc10.lastbuildstate".
       CustomBuildStep:
         Description: Generating server pages...
         cd c:\dev\allshape\cserver && python cs_build.py msvc_mode
         :VCEnd
         msvc mode
     1>Done Building Project "C:\dev\allshape\cserver\vc10\vc10\vc10.vcxproj" (build target(s)).

Build succeeded.

Time Elapsed 00:00:04.29
