r|(anonymous)|../webgl-utils.js:150|__ret:Object
r|(anonymous)|../webgl-utils.js:164|__ret:Function
r|(anonymous)|../webgl-utils.js:176|__ret:Function
r|(anonymous)|../webgl-debug.js:896|__ret:Object
p|Vector3|../J3DIMath.js:1029|vec:undefined
p|create_prototype|../utils.js:408|obj:Function
p|SubdPattern|../esubdivide.js:38|exec:Function
p|SubdPattern|../esubdivide.js:38|connect:Array
p|SubdPattern|../esubdivide.js:38|pat:Array
p|GArray|../utils.js:138|input:Array
p|inherit|../utils.js:399|parent:EventHandler
p|inherit|../utils.js:399|obj:Function
p|inherit|../utils.js:399|parent:ToolOp
p|inherit|../utils.js:399|parent:TransformOp
p|initWebGL|../J3DI.js:30|clearDepth:undefined
p|initWebGL|../J3DI.js:30|clearColor:undefined
p|initWebGL|../J3DI.js:30|attribs:undefined
p|initWebGL|../J3DI.js:30|fshader:undefined
p|initWebGL|../J3DI.js:30|vshader:undefined
p|initWebGL|../J3DI.js:30|canvasName:String
p|(anonymous)|../webgl-utils.js:103|opt_attribs:Object

p|(anonymous)|../webgl-utils.js:103|canvas:HTMLCanvasElement
p|(anonymous)|../webgl-utils.js:130|opt_attribs:Object
p|(anonymous)|../webgl-utils.js:130|canvas:HTMLCanvasElement
r|(anonymous)|../webgl-utils.js:144|__ret:WebGLRenderingContext
r|(anonymous)|../webgl-utils.js:121|__ret:WebGLRenderingContext
r|initWebGL|../J3DI.js:35|__ret:WebGLRenderingContext
p|ShaderProgram|../draw.js:423|attribs:Array
p|ShaderProgram|../draw.js:423|fshader:String
p|ShaderProgram|../draw.js:423|vshader:String
p|ShaderProgram|../draw.js:423|gl:WebGLRenderingContext
p|loadShader|../J3DI.js:100|shaderId:String
p|loadShader|../J3DI.js:100|ctx:WebGLRenderingContext
r|loadShader|../J3DI.js:139|__ret:WebGLShader
p|Vector3|../J3DIMath.js:1029|vec:Array
r|(anonymous)|../J3DIMath.js:1069|__ret:Number
p|(anonymous)|../J3DIMath.js:1140|scalar:Number
r|(anonymous)|../J3DIMath.js:1144|__ret:Vector3
r|(anonymous)|../J3DIMath.js:1077|__ret:Number
p|makeBox|../J3DI.js:204|ctx:WebGLRenderingContext
r|makeBox|../J3DI.js:279|__ret:Object
p|makeBoxMesh|../J3DI.js:154|ctx:WebGLRenderingContext

p|MeshOpAPI|../opsapi.js:259|mesh:Mesh
p|GArray|../utils.js:138|input:undefined
p|GeoArrayIter|../mesh.js:424|arr:GeoArray
p|MeshAPI|../mesh.js:1436|mesh:Mesh
p|(anonymous)|../mesh.js:1005|no:undefined
p|(anonymous)|../mesh.js:1005|co:Vector3
p|Vertex|../mesh.js:40|no:undefined
p|Vertex|../mesh.js:40|co:Vector3
p|Vector3|../J3DIMath.js:1029|vec:Vector3
p|(anonymous)|../geodata.js:161|element:Array
p|(anonymous)|../mesh.js:475|set_eid:undefined
p|(anonymous)|../mesh.js:475|item:Element
r|(anonymous)|../mesh.js:419|__ret:Number
r|(anonymous)|../mesh.js:1011|__ret:Element
p|(anonymous)|../mesh.js:1153|check_exist:undefined
p|(anonymous)|../mesh.js:1153|verts:Array
p|LoopList|../mesh.js:257|loop:undefined
p|set|../utils.js:57|input:undefined
p|(anonymous)|../utils.js:113|item:Element
r|(anonymous)|../mesh.js:36|__ret:String
r|(anonymous)|../utils.js:117|__ret:Boolean

p|(anonymous)|../utils.js:83|item:Element
p|(anonymous)|../mesh.js:1014|check:Boolean
p|(anonymous)|../mesh.js:1014|v2:Element
p|(anonymous)|../mesh.js:1014|v1:Element
p|(anonymous)|../mesh.js:990|v2:Element
p|(anonymous)|../mesh.js:990|v1:Element
p|GArrayIter|../utils.js:120|arr:Array
r|(anonymous)|../utils.js:149|__ret:GArrayIter
r|(anonymous)|../mesh.js:1002|__ret:undefined
p|Edge|../mesh.js:119|v2:Element
p|Edge|../mesh.js:119|v1:Element
r|(anonymous)|../mesh.js:1046|__ret:Element
p|Loop|../mesh.js:195|f:undefined
p|Loop|../mesh.js:195|e:Element
p|Loop|../mesh.js:195|v:Element
p|(anonymous)|../mesh.js:1049|l:Element
p|(anonymous)|../mesh.js:1049|e:Element
r|(anonymous)|../utils.js:129|__ret:Element
p|(anonymous)|../mesh.js:183|v:Element
r|(anonymous)|../mesh.js:184|__ret:Boolean
p|Face|../mesh.js:269|looplists:Array

p|LoopIter|../mesh.js:238|looplist:LoopList
r|(anonymous)|../mesh.js:262|__ret:LoopIter
r|(anonymous)|../mesh.js:253|__ret:Element
r|(anonymous)|../mesh.js:1211|__ret:Element
r|(anonymous)|../mesh.js:998|__ret:Element
r|(anonymous)|../mesh.js:1029|__ret:Element
r|(anonymous)|../mesh.js:467|__ret:GeoArrayIter
r|(anonymous)|../mesh.js:446|__ret:Element
p|MeshIterate|../mesh.js:760|data:Element
p|MeshIterate|../mesh.js:760|type:Number
r|(anonymous)|../mesh.js:306|__ret:MeshIterate
p|FaceVertIter|../mesh.js:542|data:Element
r|(anonymous)|../mesh.js:767|__ret:FaceVertIter
r|(anonymous)|../mesh.js:564|__ret:Element
p|(anonymous)|../J3DIMath.js:1189|v:Vector3
r|(anonymous)|../J3DIMath.js:1195|__ret:Vector3
p|(anonymous)|../J3DIMath.js:1119|divisor:Number
r|(anonymous)|../J3DIMath.js:1123|__ret:Vector3
p|(anonymous)|../J3DIMath.js:1048|vec3:Vector3
r|(anonymous)|../J3DIMath.js:1054|__ret:Vector3
p|list|../utils.js:3|iter:MeshIterate

r|list|../utils.js:14|__ret:Array
p|normal_quad|../mathlib.js:107|v4:Vector3
p|normal_quad|../mathlib.js:107|v3:Vector3
p|normal_quad|../mathlib.js:107|v2:Vector3
p|normal_quad|../mathlib.js:107|v1:Vector3
p|normal_tri|../mathlib.js:94|v3:Vector3
p|normal_tri|../mathlib.js:94|v2:Vector3
p|normal_tri|../mathlib.js:94|v1:Vector3
p|(anonymous)|../J3DIMath.js:1177|v:Vector3
r|(anonymous)|../J3DIMath.js:1186|__ret:Vector3
p|(anonymous)|../J3DIMath.js:1158|v:Vector3
r|(anonymous)|../J3DIMath.js:1166|__ret:Vector3
r|(anonymous)|../J3DIMath.js:1095|__ret:Number
r|normal_tri|../mathlib.js:101|__ret:Vector3
r|normal_quad|../mathlib.js:114|__ret:Vector3
r|(anonymous)|../mesh.js:311|__ret:MeshIterate
p|FaceEdgeIter|../mesh.js:596|data:Element
r|(anonymous)|../mesh.js:779|__ret:FaceEdgeIter
r|(anonymous)|../mesh.js:618|__ret:Element
r|(anonymous)|../mesh.js:153|__ret:MeshIterate
p|EdgeFaceIter|../mesh.js:706|data:Element

r|(anonymous)|../mesh.js:775|__ret:EdgeFaceIter
r|(anonymous)|../mesh.js:724|__ret:Element
r|(anonymous)|../utils.js:129|__ret:Array
p|(anonymous)|../J3DIMath.js:1278|v:Vector3
r|(anonymous)|../J3DIMath.js:1280|__ret:Number
r|(anonymous)|../utils.js:129|__ret:LoopList
r|(anonymous)|../mesh.js:15|__ret:String
p|(anonymous)|../mesh.js:1808|f:Element
p|(anonymous)|../mesh.js:1068|l:Element
p|(anonymous)|../mesh.js:1068|e:Element
r|makeBoxMesh|../J3DI.js:189|__ret:Mesh
p|Matrix4|../J3DIMath.js:141|m:undefined
p|(anonymous)|../J3DIMath.js:432|z:undefined
p|(anonymous)|../J3DIMath.js:432|y:undefined
p|(anonymous)|../J3DIMath.js:432|x:Vector3
p|(anonymous)|../J3DIMath.js:432|angle:Number
p|(anonymous)|../J3DIMath.js:541|mat:Matrix4
p|gen_mesh_render|../draw.js:119|recalcflags:undefined
p|gen_mesh_render|../draw.js:119|vertprogram:ShaderProgram
p|gen_mesh_render|../draw.js:119|drawprogram:ShaderProgram
p|gen_mesh_render|../draw.js:119|mesh:Mesh

p|gen_mesh_render|../draw.js:119|ctx:WebGLRenderingContext
p|(anonymous)|../draw.js:66|name:String
p|DrawMats|../draw.js:466|persmat:Matrix4
p|DrawMats|../draw.js:466|cameramat:Matrix4
p|DrawMats|../draw.js:466|normalmat:Matrix4
p|Matrix4|../J3DIMath.js:141|m:Matrix4
r|(anonymous)|../J3DIMath.js:192|__ret:undefined
r|Matrix4|../J3DIMath.js:157|__ret:undefined
p|View3DHandler|../3dview.js:11|zfar:Number
p|View3DHandler|../3dview.js:11|znear:Number
p|View3DHandler|../3dview.js:11|height:Number
p|View3DHandler|../3dview.js:11|width:Number
p|View3DHandler|../3dview.js:11|y:Number
p|View3DHandler|../3dview.js:11|x:Number
p|View3DHandler|../3dview.js:11|drawmats:DrawMats
p|View3DHandler|../3dview.js:11|mesh:Mesh
p|View3DHandler|../3dview.js:11|gl:WebGLRenderingContext
p|Vector2|../J3DIMath.js:999|vec:Array
p|(anonymous)|../mesh.js:894|uctx:unpack_ctx
p|(anonymous)|../mesh.js:894|data:ArrayBuffer
p|unpack_int|../ajax.js:53|uctx:unpack_ctx

p|unpack_int|../ajax.js:53|data:ArrayBuffer
p|extract_four|../ajax.js:39|uctx:unpack_ctx
p|extract_four|../ajax.js:39|data:ArrayBuffer
r|extract_four|../ajax.js:50|__ret:Uint8Array
r|unpack_int|../ajax.js:58|__ret:Number
p|Vertex|../mesh.js:40|co:undefined
p|(anonymous)|../mesh.js:83|uctx:unpack_ctx
p|(anonymous)|../mesh.js:83|data:ArrayBuffer
p|(anonymous)|../mesh.js:26|uctx:unpack_ctx
p|(anonymous)|../mesh.js:26|data:ArrayBuffer
p|(anonymous)|../geodata.js:134|uctx:unpack_ctx
p|(anonymous)|../geodata.js:134|data:ArrayBuffer
p|unpack_vec3|../ajax.js:69|uctx:unpack_ctx
p|unpack_vec3|../ajax.js:69|data:ArrayBuffer
p|unpack_float|../ajax.js:61|uctx:unpack_ctx
p|unpack_float|../ajax.js:61|data:ArrayBuffer
r|unpack_float|../ajax.js:66|__ret:Number
r|unpack_vec3|../ajax.js:79|__ret:Vector3
p|(anonymous)|../mesh.js:475|set_eid:Boolean
p|Edge|../mesh.js:119|v2:undefined
p|Edge|../mesh.js:119|v1:undefined

p|(anonymous)|../mesh.js:174|uctx:unpack_ctx
p|(anonymous)|../mesh.js:174|data:ArrayBuffer
p|(anonymous)|../mesh.js:344|uctx:unpack_ctx
p|(anonymous)|../mesh.js:344|data:ArrayBuffer
p|Loop|../mesh.js:195|e:undefined
p|Loop|../mesh.js:195|v:undefined
p|(anonymous)|../mesh.js:220|uctx:unpack_ctx
p|(anonymous)|../mesh.js:220|data:ArrayBuffer
p|Font|../fontutils.js:4|view3d:EventHandler
p|Font|../fontutils.js:4|gl:WebGLRenderingContext
p|(anonymous)|../J3DIMath.js:688|zFar:Number
p|(anonymous)|../J3DIMath.js:688|zNear:Number
p|(anonymous)|../J3DIMath.js:688|aspect:Number
p|(anonymous)|../J3DIMath.js:688|fovy:Number
p|(anonymous)|../J3DIMath.js:656|far:Number
p|(anonymous)|../J3DIMath.js:656|near:Number
p|(anonymous)|../J3DIMath.js:656|top:Number
p|(anonymous)|../J3DIMath.js:656|bottom:Number
p|(anonymous)|../J3DIMath.js:656|right:Number
p|(anonymous)|../J3DIMath.js:656|left:Number
p|(anonymous)|../J3DIMath.js:697|upz:Number

p|(anonymous)|../J3DIMath.js:697|upy:Number
p|(anonymous)|../J3DIMath.js:697|upx:Number
p|(anonymous)|../J3DIMath.js:697|centerz:Number
p|(anonymous)|../J3DIMath.js:697|centery:Number
p|(anonymous)|../J3DIMath.js:697|centerx:Number
p|(anonymous)|../J3DIMath.js:697|eyez:Number
p|(anonymous)|../J3DIMath.js:697|eyey:Number
p|(anonymous)|../J3DIMath.js:697|eyex:Number
p|(anonymous)|../J3DIMath.js:366|z:Number
p|(anonymous)|../J3DIMath.js:366|y:Number
p|(anonymous)|../J3DIMath.js:366|x:Number
p|Framerate|../J3DI.js:612|id:String
p|(anonymous)|../3dview.js:116|height:Number
p|(anonymous)|../3dview.js:116|width:Number
p|(anonymous)|../3dview.js:116|y:Number
p|(anonymous)|../3dview.js:116|x:Number
p|(anonymous)|../J3DIMath.js:919|c3:Number
p|(anonymous)|../J3DIMath.js:919|c2:Number
p|(anonymous)|../J3DIMath.js:919|c1:Number
p|(anonymous)|../J3DIMath.js:919|b3:Number
p|(anonymous)|../J3DIMath.js:919|b2:Number

p|gen_tris|../draw.js:11|mesh:Mesh
p|get_element_color|../draw.js:99|use_face_unsel_color:undefined
p|get_element_color|../draw.js:99|garray:GeoArray
p|get_element_color|../draw.js:99|e:Element
r|get_element_color|../draw.js:114|__ret:Array
r|get_element_color|../draw.js:109|__ret:Array
p|get_element_color|../draw.js:99|use_face_unsel_color:Boolean
r|get_element_color|../draw.js:112|__ret:Array
p|set_program|../draw.js:473|drawmats:DrawMats
p|set_program|../draw.js:473|program:ShaderProgram
p|set_program|../draw.js:473|gl:WebGLRenderingContext
p|(anonymous)|../J3DIMath.js:244|transpose:Boolean
p|(anonymous)|../J3DIMath.js:244|loc:WebGLUniformLocation
p|(anonymous)|../J3DIMath.js:244|ctx:WebGLRenderingContext
p|(anonymous)|../J3DIMath.js:244|loc:undefined
p|_set_buffer_solid|../draw.js:501|mesh:Mesh
p|_set_buffer_solid|../draw.js:501|gl:WebGLRenderingContext
p|render_mesh_elements|../draw.js:524|draw_edges:undefined
p|render_mesh_elements|../draw.js:524|alpha:Number
p|render_mesh_elements|../draw.js:523|drawmats:DrawMats
p|render_mesh_elements|../draw.js:523|mesh:Mesh

p|(anonymous)|../J3DIMath.js:919|b1:Number
p|(anonymous)|../J3DIMath.js:919|a3:Number
p|(anonymous)|../J3DIMath.js:919|a2:Number
p|(anonymous)|../J3DIMath.js:919|a1:Number
p|(anonymous)|../J3DIMath.js:914|d:Number
p|(anonymous)|../J3DIMath.js:914|c:Number
p|(anonymous)|../J3DIMath.js:914|b:Number
p|(anonymous)|../J3DIMath.js:914|a:Number
r|(anonymous)|../J3DIMath.js:916|__ret:Number
r|(anonymous)|../J3DIMath.js:923|__ret:Number
r|(anonymous)|../J3DIMath.js:951|__ret:Number
p|(anonymous)|../3dview.js:566|gl:WebGLRenderingContext
p|render_mesh|../draw.js:678|drawmats:DrawMats
p|render_mesh|../draw.js:678|mesh1:Mesh
p|render_mesh|../draw.js:678|view3d:EventHandler
p|render_mesh|../draw.js:678|gl:WebGLRenderingContext
p|render_mesh_intern|../draw.js:587|drawmats:DrawMats
p|render_mesh_intern|../draw.js:587|mesh:Mesh
p|render_mesh_intern|../draw.js:587|view3d:EventHandler
p|render_mesh_intern|../draw.js:587|gl:WebGLRenderingContext
p|gen_mesh_render|../draw.js:119|recalcflags:Number

p|render_mesh_elements|../draw.js:523|view3d:EventHandler
p|render_mesh_elements|../draw.js:523|gl:WebGLRenderingContext
p|_set_buffer_wire|../draw.js:483|mesh:Mesh
p|_set_buffer_wire|../draw.js:483|selectmode:Number
p|_set_buffer_wire|../draw.js:483|gl:WebGLRenderingContext
p|(anonymous)|../3dview.js:496|gl:WebGLRenderingContext
r|(anonymous)|../3dview.js:500|__ret:undefined
p|MyMouseEvent|../events.js:1|type:undefined
p|MyMouseEvent|../events.js:1|button:Number
p|MyMouseEvent|../events.js:1|y:Number
p|MyMouseEvent|../events.js:1|x:Number
p|(anonymous)|../events.js:73|event:MyMouseEvent
p|(anonymous)|../3dview.js:422|event:MyMouseEvent
p|(anonymous)|../3dview.js:205|mpos:Vector3
p|(anonymous)|../J3DIMath.js:1322|matrix:Matrix4
r|(anonymous)|../3dview.js:227|__ret:undefined
p|(anonymous)|../events.js:81|event:MyMouseEvent
p|(anonymous)|../3dview.js:392|event:MyMouseEvent
r|(anonymous)|../3dview.js:385|__ret:GeoArray
p|(anonymous)|../events.js:89|event:MyMouseEvent
p|(anonymous)|../3dview.js:418|event:MyMouseEvent

r|(anonymous)|../3dview.js:227|__ret:Element
r|get_element_color|../draw.js:107|__ret:Array
p|(anonymous)|../events.js:57|event:KeyboardEvent
p|(anonymous)|../3dview.js:726|event:KeyboardEvent
p|(anonymous)|../events.js:65|event:KeyboardEvent
p|(anonymous)|../3dview.js:612|event:KeyboardEvent
p|ToggleSelectAllOp|../view3d_ops.js:171|mode:undefined
p|EnumProperty|../toolops_api.js:63|description:String
p|EnumProperty|../toolops_api.js:63|uiname:String
p|EnumProperty|../toolops_api.js:63|apiname:String
p|EnumProperty|../toolops_api.js:63|valid_values:Array
p|EnumProperty|../toolops_api.js:63|string:String
p|ToolProperty|../toolops_api.js:26|description:String
p|ToolProperty|../toolops_api.js:26|uiname:String
p|ToolProperty|../toolops_api.js:26|apiname:String
p|ToolProperty|../toolops_api.js:26|type:Number
p|(anonymous)|../toolops_api.js:73|val:String
p|(anonymous)|../3dview.js:763|tool:ToggleSelectAllOp
p|Context|../toolops_api.js:1|view3d:EventHandler
p|(anonymous)|../view3d_ops.js:186|ctx:Context
r|(anonymous)|../view3d_ops.js:187|__ret:Boolean

p|(anonymous)|../3dview.js:732|tool:ToggleSelectAllOp
p|(anonymous)|../toolops_api.js:153|ctx:Context
p|(anonymous)|../mesh.js:1005|no:Vector3
p|Vertex|../mesh.js:40|no:Vector3
p|(anonymous)|../mesh.js:1370|copy_eid:Boolean
p|(anonymous)|../mesh.js:1370|src:Element
p|(anonymous)|../mesh.js:1370|dest:Element
p|(anonymous)|../mesh.js:1400|eid:Number
p|(anonymous)|../mesh.js:1400|elements:GeoArray
p|(anonymous)|../mesh.js:1400|e:Element
p|(anonymous)|../geodata.js:167|source:Array
p|(anonymous)|../geodata.js:167|dest:Array
p|(anonymous)|../mesh.js:1380|copy_eid:Boolean
p|(anonymous)|../mesh.js:1380|src:Element
p|(anonymous)|../mesh.js:1380|dest:Element
p|(anonymous)|../mesh.js:1214|check_exist:undefined
p|(anonymous)|../mesh.js:1214|vertlists:Array
r|(anonymous)|../mesh.js:1299|__ret:Element
p|(anonymous)|../mesh.js:1410|copy_eid:Boolean
p|(anonymous)|../mesh.js:1410|src:Element
p|(anonymous)|../mesh.js:1410|dest:Element

r|(anonymous)|../mesh.js:860|__ret:Mesh
p|(anonymous)|../view3d_ops.js:190|ctx:Context
r|(anonymous)|../mesh.js:465|__ret:GeoArrayIter
p|(anonymous)|../mesh.js:1423|mode:Number
p|(anonymous)|../mesh.js:1423|element:Element
p|(anonymous)|../mesh.js:1423|mode:Boolean
p|Vec3Property|../toolops_api.js:86|description:String
p|Vec3Property|../toolops_api.js:86|uiname:String
p|Vec3Property|../toolops_api.js:86|apiname:String
p|Vec3Property|../toolops_api.js:86|vec3:Vector3
p|(anonymous)|../3dview.js:763|tool:ViewRotateOp
p|(anonymous)|../view3d_ops.js:17|ctx:Context
r|(anonymous)|../view3d_ops.js:18|__ret:Boolean
p|(anonymous)|../view3d_ops.js:21|ctx:Context
p|(anonymous)|../toolops_api.js:131|ctx:Context
p|(anonymous)|../events.js:40|handler:ViewRotateOp
p|(anonymous)|../view3d_ops.js:26|event:MyMouseEvent
p|(anonymous)|../view3d_ops.js:48|ctx:Context
p|(anonymous)|../J3DIMath.js:1170|v2:Vector3
r|(anonymous)|../J3DIMath.js:1174|__ret:Number
r|(anonymous)|../view3d_ops.js:53|__ret:undefined

p|Quat|../J3DIMath.js:1484|w:undefined
p|Quat|../J3DIMath.js:1484|z:undefined
p|Quat|../J3DIMath.js:1484|y:undefined
p|Quat|../J3DIMath.js:1484|x:undefined
p|Vector4|../J3DIMath.js:1358|w:undefined
p|Vector4|../J3DIMath.js:1358|z:undefined
p|Vector4|../J3DIMath.js:1358|y:undefined
p|Vector4|../J3DIMath.js:1358|x:undefined
p|(anonymous)|../J3DIMath.js:1490|w:undefined
p|(anonymous)|../J3DIMath.js:1490|z:undefined
p|(anonymous)|../J3DIMath.js:1490|y:undefined
p|(anonymous)|../J3DIMath.js:1490|x:undefined
p|(anonymous)|../J3DIMath.js:1707|angle:Number
p|(anonymous)|../J3DIMath.js:1707|axis:Vector3
r|(anonymous)|../J3DIMath.js:1622|__ret:Matrix4
p|(anonymous)|../view3d_ops.js:70|event:MyMouseEvent
p|(anonymous)|../events.js:98|delta:Number
p|(anonymous)|../events.js:98|event:MouseScrollEvent
p|(anonymous)|../3dview.js:485|delta:Number
p|(anonymous)|../3dview.js:485|event:MouseScrollEvent
p|(anonymous)|../3dview.js:101|delta:Number

p|(anonymous)|../mesh.js:188|v:Element
r|(anonymous)|../mesh.js:189|__ret:Element
r|(anonymous)|../mesh.js:190|__ret:Element
r|get_element_color|../draw.js:105|__ret:Array
p|Vec4Property|../toolops_api.js:100|description:String
p|Vec4Property|../toolops_api.js:100|uiname:String
p|Vec4Property|../toolops_api.js:100|apiname:String
p|Vec4Property|../toolops_api.js:100|vec4:Vector3
p|Vector4|../J3DIMath.js:1358|x:Vector3
p|(anonymous)|../J3DIMath.js:1364|w:undefined
p|(anonymous)|../J3DIMath.js:1364|z:undefined
p|(anonymous)|../J3DIMath.js:1364|y:undefined
p|(anonymous)|../J3DIMath.js:1364|x:Vector3
p|FloatProperty|../toolops_api.js:35|description:String
p|FloatProperty|../toolops_api.js:35|uiname:String
p|FloatProperty|../toolops_api.js:35|apiname:String
p|FloatProperty|../toolops_api.js:35|i:Number
p|(anonymous)|../3dview.js:763|tool:RotateOp
p|(anonymous)|../trans_ops.js:501|ctx:Context
r|(anonymous)|../trans_ops.js:509|__ret:Boolean
r|(anonymous)|../3dview.js:770|__ret:undefined

p|(anonymous)|../3dview.js:481|mode:Number
p|(anonymous)|../3dview.js:155|mpos:Vector3
p|(anonymous)|../3dview.js:122|pmat:Matrix4
p|(anonymous)|../3dview.js:122|co:Vector3
p|dist_to_line_v2|../mathlib.js:134|v2:Vector3
p|dist_to_line_v2|../mathlib.js:134|v1:Vector3
p|dist_to_line_v2|../mathlib.js:134|p:Vector3
p|line_isect|../mathlib.js:118|v4:Vector3
p|line_isect|../mathlib.js:118|v3:Vector3
p|line_isect|../mathlib.js:118|v2:Vector3
p|line_isect|../mathlib.js:118|v1:Vector3
r|line_isect|../mathlib.js:128|__ret:Array
r|dist_to_line_v2|../mathlib.js:166|__ret:Number
r|dist_to_line_v2|../mathlib.js:168|__ret:Number
r|line_isect|../mathlib.js:121|__ret:Array
r|dist_to_line_v2|../mathlib.js:156|__ret:Number
r|(anonymous)|../3dview.js:177|__ret:Element
p|(anonymous)|../3dview.js:255|mpos:Vector3
r|(anonymous)|../3dview.js:277|__ret:Element
r|(anonymous)|../3dview.js:389|__ret:GeoArray
p|Vector2|../J3DIMath.js:999|vec:Vector2

p|(anonymous)|../3dview.js:343|elements:GeoArray
p|ToolMacro|../toolops_api.js:164|tools:undefined
p|ToolMacro|../toolops_api.js:164|uiname:String
p|ToolMacro|../toolops_api.js:164|name:String
p|ToggleSelectAllOp|../view3d_ops.js:171|mode:String
p|(anonymous)|../toolops_api.js:180|tool:ToggleSelectAllOp
p|SelectOp|../view3d_ops.js:328|mode:String
p|ElementBufProperty|../toolops_api.js:93|description:String
p|ElementBufProperty|../toolops_api.js:93|uiname:String
p|ElementBufProperty|../toolops_api.js:93|apiname:String
p|ElementBufProperty|../toolops_api.js:93|elements:Array
p|BoolProperty|../toolops_api.js:49|description:String
p|BoolProperty|../toolops_api.js:49|uiname:String
p|BoolProperty|../toolops_api.js:49|apiname:String
p|BoolProperty|../toolops_api.js:49|bool:Boolean
p|(anonymous)|../toolops_api.js:180|tool:SelectOp
p|(anonymous)|../3dview.js:763|tool:ToolOp
p|(anonymous)|../toolops_api.js:228|ctx:Context
r|(anonymous)|../toolops_api.js:229|__ret:Boolean
p|(anonymous)|../3dview.js:732|tool:ToolOp
p|(anonymous)|../toolops_api.js:198|ctx:Context

r|(anonymous)|../utils.js:129|__ret:ToggleSelectAllOp
r|(anonymous)|../utils.js:129|__ret:SelectOp
p|(anonymous)|../toolops_api.js:213|ctx:Context
p|(anonymous)|../view3d_ops.js:349|ctx:Context
r|(anonymous)|../utils.js:129|__ret:Number
p|(anonymous)|../mesh.js:470|eid:Number
r|(anonymous)|../mesh.js:471|__ret:Element
r|(anonymous)|../3dview.js:380|__ret:Boolean
p|(anonymous)|../opsapi.js:262|flag:Number
p|(anonymous)|../opsapi.js:262|typemask:Number
p|flagiterobj|../opsapi.js:249|flag:Number
p|flagiterobj|../opsapi.js:249|typemask:Number
p|flagiterobj|../opsapi.js:249|mesh:Mesh
r|(anonymous)|../opsapi.js:263|__ret:flagiterobj
p|ExtrudeAllOp|../opsapi.js:811|elementiter:flagiterobj
p|ElementBufferProperty|../opsapi.js:24|allowed_elements:Number
p|ElementBufferProperty|../opsapi.js:24|name:String
p|MeshOpProperty|../opsapi.js:12|name:String
p|MeshOpProperty|../opsapi.js:12|type:Number
p|MeshVec3Property|../opsapi.js:64|value:Vector3
p|MeshVec3Property|../opsapi.js:64|name:String

p|(anonymous)|../opsapi.js:30|iter:flagiterobj
p|MeshToolOp|../view3d_ops.js:300|meshop:ExtrudeAllOp
p|mprop_to_tprop|../view3d_ops.js:223|props2:undefined
p|mprop_to_tprop|../view3d_ops.js:223|props:Object
r|mprop_to_tprop|../view3d_ops.js:270|__ret:Object
p|(anonymous)|../toolops_api.js:180|tool:MeshToolOp
p|(anonymous)|../toolops_api.js:180|tool:TranslateOp
p|(anonymous)|../toolops_api.js:187|input:Vec3Property
p|(anonymous)|../toolops_api.js:187|output:Vec3Property
p|(anonymous)|../view3d_ops.js:314|ctx:Context
r|(anonymous)|../view3d_ops.js:315|__ret:Boolean
r|(anonymous)|../utils.js:129|__ret:MeshToolOp
r|(anonymous)|../utils.js:129|__ret:TranslateOp
p|(anonymous)|../toolops_api.js:232|ctx:Context
p|(anonymous)|../view3d_ops.js:318|ctx:Context
p|tprop_to_mprop|../view3d_ops.js:273|tprop:Object
p|tprop_to_mprop|../view3d_ops.js:273|mprop:ExtrudeAllOp
r|tprop_to_mprop|../view3d_ops.js:297|__ret:ExtrudeAllOp
p|(anonymous)|../opsapi.js:266|op:ExtrudeAllOp
p|(anonymous)|../opsapi.js:828|mesh:Mesh
p|(anonymous)|../opsapi.js:828|op:ExtrudeAllOp

p|flagiter|../opsapi.js:119|flag:Number
p|flagiter|../opsapi.js:119|typemask:Number
p|flagiter|../opsapi.js:119|mesh:Mesh
r|(anonymous)|../opsapi.js:255|__ret:flagiter
r|(anonymous)|../opsapi.js:39|__ret:flagiter
r|(anonymous)|../opsapi.js:174|__ret:Element
r|(anonymous)|../opsapi.js:210|__ret:Element
r|(anonymous)|../opsapi.js:181|__ret:Element
r|(anonymous)|../opsapi.js:240|__ret:Element
r|(anonymous)|../opsapi.js:217|__ret:Element
p|MeshIterate|../mesh.js:760|type:undefined
r|(anonymous)|../mesh.js:60|__ret:MeshIterate
p|VertLoopIter|../mesh.js:638|data:Element
r|(anonymous)|../mesh.js:773|__ret:VertLoopIter
r|(anonymous)|../mesh.js:671|__ret:Element
r|(anonymous)|../mesh.js:158|__ret:MeshIterate
p|EdgeLoopIter|../mesh.js:728|data:Element
r|(anonymous)|../mesh.js:777|__ret:EdgeLoopIter
r|(anonymous)|../mesh.js:746|__ret:Element
p|ExtrudeFacesOp|../opsapi.js:553|faceiter:Array
p|(anonymous)|../opsapi.js:30|iter:Array

p|ExtrudeEdgesOp|../opsapi.js:674|edgeiter:Array
p|ExtrudeVertsOp|../opsapi.js:752|vertiter:Array
p|(anonymous)|../opsapi.js:266|op:ExtrudeFacesOp
p|(anonymous)|../opsapi.js:570|mesh:Mesh
p|(anonymous)|../opsapi.js:570|op:ExtrudeFacesOp
p|list|../utils.js:3|iter:ElementBufferProperty
r|(anonymous)|../opsapi.js:39|__ret:GArrayIter
p|set|../utils.js:57|input:Array
r|(anonymous)|../mesh.js:296|__ret:MeshIterate
p|FaceLoopIter|../mesh.js:569|data:Element
r|(anonymous)|../mesh.js:781|__ret:FaceLoopIter
r|(anonymous)|../mesh.js:591|__ret:Element
p|vmap_add|../opsapi.js:576|v:Element
p|(anonymous)|../utils.js:289|item:Element
r|(anonymous)|../utils.js:291|__ret:Boolean
p|(anonymous)|../mesh.js:1370|copy_eid:undefined
p|(anonymous)|../utils.js:235|item:Element
p|(anonymous)|../utils.js:235|key:Element
p|SetIter|../utils.js:38|set:set
r|(anonymous)|../utils.js:100|__ret:SetIter
r|(anonymous)|../utils.js:54|__ret:Element

p|(anonymous)|../utils.js:266|key:Element
r|(anonymous)|../utils.js:267|__ret:Element
p|(anonymous)|../mesh.js:1410|copy_eid:undefined
p|(anonymous)|../mesh.js:1390|copy_eid:undefined
p|(anonymous)|../mesh.js:1390|src:Element
p|(anonymous)|../mesh.js:1390|dest:Element
p|(anonymous)|../mesh.js:1380|copy_eid:undefined
p|(anonymous)|../mesh.js:1350|f:Element
p|(anonymous)|../mesh.js:519|item:Element
p|(anonymous)|../opsapi.js:266|op:ExtrudeEdgesOp
p|(anonymous)|../opsapi.js:691|mesh:Mesh
p|(anonymous)|../opsapi.js:691|op:ExtrudeEdgesOp
p|new_vert|../opsapi.js:696|v:Element
r|new_vert|../opsapi.js:704|__ret:Element
p|(anonymous)|../mesh.js:1014|check:undefined
r|(anonymous)|../mesh.js:500|__ret:undefined
p|(anonymous)|../opsapi.js:266|op:ExtrudeVertsOp
p|(anonymous)|../opsapi.js:769|mesh:Mesh
p|(anonymous)|../opsapi.js:769|op:ExtrudeVertsOp
p|mprop_to_tprop|../view3d_ops.js:223|props2:Object
p|(anonymous)|../trans_ops.js:361|ctx:Context

p|TransData|../trans_ops.js:0|ctx:Context
r|(anonymous)|../mesh.js:56|__ret:MeshIterate
p|VertFaceIter|../mesh.js:675|data:Element
r|(anonymous)|../mesh.js:771|__ret:VertFaceIter
r|(anonymous)|../mesh.js:702|__ret:Element
p|(anonymous)|../J3DIMath.js:1112|divisor:Number
r|(anonymous)|../J3DIMath.js:1116|__ret:Vector3
r|(anonymous)|../toolops_api.js:245|__ret:undefined
p|(anonymous)|../events.js:40|handler:ToolOp
p|(anonymous)|../toolops_api.js:279|event:MyMouseEvent
p|(anonymous)|../trans_ops.js:396|event:MyMouseEvent
p|(anonymous)|../trans_ops.js:70|event:MyMouseEvent
p|(anonymous)|../trans_ops.js:376|ctx:Context
p|(anonymous)|../mesh.js:102|redo_face_normals:Boolean
p|Vector3|../J3DIMath.js:1029|vec:Vector2
p|(anonymous)|../toolops_api.js:284|event:MyMouseEvent
p|(anonymous)|../trans_ops.js:257|event:MyMouseEvent
p|(anonymous)|../toolops_api.js:289|event:MyMouseEvent
p|(anonymous)|../trans_ops.js:324|event:MyMouseEvent
p|prior|../utils.js:415|obj:TranslateOp
p|prior|../utils.js:415|thisproto:TransformOp

r|prior|../utils.js:423|__ret:ToolOp
p|(anonymous)|../toolops_api.js:204|ctx:Context
p|(anonymous)|../toolops_api.js:157|ctx:Context
p|QuadSubdOp|../esubdivide.js:103|count:Number
p|QuadSubdOp|../esubdivide.js:103|faceiter:flagiterobj
p|MeshIntProperty|../opsapi.js:50|value:Number
p|MeshIntProperty|../opsapi.js:50|name:String
p|ToolMacro|../toolops_api.js:164|uiname:undefined
p|MeshToolOp|../view3d_ops.js:300|meshop:QuadSubdOp
p|IntProperty|../toolops_api.js:42|description:String
p|IntProperty|../toolops_api.js:42|uiname:String
p|IntProperty|../toolops_api.js:42|apiname:String
p|IntProperty|../toolops_api.js:42|i:Number
p|VertSmoothOp|../opsapi.js:533|vertiter:flagiterobj
p|MeshToolOp|../view3d_ops.js:300|meshop:VertSmoothOp
p|tprop_to_mprop|../view3d_ops.js:273|mprop:QuadSubdOp
r|tprop_to_mprop|../view3d_ops.js:297|__ret:QuadSubdOp
p|(anonymous)|../opsapi.js:266|op:QuadSubdOp
p|(anonymous)|../esubdivide.js:118|mesh:Mesh
p|(anonymous)|../esubdivide.js:118|op:QuadSubdOp
p|_quad_subd|../esubdivide.js:128|set_old_pointer:undefined

p|_quad_subd|../esubdivide.js:128|count:Number
p|_quad_subd|../esubdivide.js:128|faceiter:ElementBufferProperty
p|_quad_subd|../esubdivide.js:128|mesh:Mesh
p|esubd_context|../esubdivide.js:31|count:undefined
p|esubd_context|../esubdivide.js:31|mesh:Mesh
p|esubd_edata|../esubdivide.js:23|e:Element
r|(anonymous)|../utils.js:129|__ret:esubd_edata
p|_split_edge|../esubdivide.js:61|edata:esubd_edata
p|_split_edge|../esubdivide.js:61|ctx:esubd_context
p|(anonymous)|../mesh.js:1495|t:Number
p|(anonymous)|../mesh.js:1495|e:Element
p|(anonymous)|../utils.js:152|item:Element
p|Loop|../mesh.js:195|f:Element
r|(anonymous)|../mesh.js:1571|__ret:Array
p|tprop_to_mprop|../view3d_ops.js:273|mprop:VertSmoothOp
r|tprop_to_mprop|../view3d_ops.js:297|__ret:VertSmoothOp
p|(anonymous)|../opsapi.js:266|op:VertSmoothOp
p|(anonymous)|../opsapi.js:546|mesh:Mesh
p|(anonymous)|../opsapi.js:546|op:VertSmoothOp
p|vert_smooth|../opsapi.js:507|vertiter:ElementBufferProperty
p|vert_smooth|../opsapi.js:507|mesh:Mesh

p|face_fill|../triangulate.js:962|looptris:Array
p|face_fill|../triangulate.js:962|f:Element
p|scanfill|../triangulate.js:382|depth:undefined
p|scanfill|../triangulate.js:382|tsh:undefined
p|scanfill|../triangulate.js:382|esh:undefined
p|scanfill|../triangulate.js:382|points:Array
p|scanfill|../triangulate.js:382|loops:Array
p|scanfill|../triangulate.js:382|m:Mesh
p|axis_sort|../triangulate.js:17|axis:Number
p|axis_sort|../triangulate.js:17|lst:Array
p|PSort|../triangulate.js:2|axis:Number
p|PSort|../triangulate.js:2|v:Element
p|PSort|../triangulate.js:2|co:Vector3
p|PSortCmp|../triangulate.js:8|b:PSort
p|PSortCmp|../triangulate.js:8|a:PSort
r|PSortCmp|../triangulate.js:14|__ret:Boolean
p|minmax_verts|../mathlib.js:310|verts:Array
r|minmax_verts|../mathlib.js:321|__ret:Array
p|spatialhash|../mathlib.js:342|cellsize:Number
p|spatialhash|../mathlib.js:342|init:Array
p|scanfill|../triangulate.js:382|depth:Number

p|scanfill|../triangulate.js:382|tsh:spatialhash
p|scanfill|../triangulate.js:382|esh:spatialhash
p|ensure_edge|../triangulate.js:289|v2:Element
p|ensure_edge|../triangulate.js:289|v1:Element
p|ensure_edge|../triangulate.js:289|m:Mesh
r|ensure_edge|../triangulate.js:290|__ret:Element
p|test_edges|../triangulate.js:343|tsh:spatialhash
p|test_edges|../triangulate.js:343|esh:spatialhash
p|test_edges|../triangulate.js:343|edges:set
p|test_edges|../triangulate.js:343|m:Mesh
p|(anonymous)|../mathlib.js:436|item:Element
p|(anonymous)|../mathlib.js:384|mode:String
p|(anonymous)|../mathlib.js:384|item:Element
p|(anonymous)|../mathlib.js:352|create:Boolean
p|(anonymous)|../mathlib.js:352|z:Number
p|(anonymous)|../mathlib.js:352|y:Number
p|(anonymous)|../mathlib.js:352|x:Number
p|(anonymous)|../mathlib.js:380|z:Number
p|(anonymous)|../mathlib.js:380|y:Number
p|(anonymous)|../mathlib.js:380|x:Number
r|(anonymous)|../mathlib.js:381|__ret:Number

p|(anonymous)|../utils.js:289|item:Number
r|(anonymous)|../utils.js:31|__ret:Number
p|(anonymous)|../utils.js:270|item:Array
p|(anonymous)|../utils.js:270|key:Number
r|(anonymous)|../mathlib.js:364|__ret:set
r|test_edges|../triangulate.js:351|__ret:set
p|(anonymous)|../utils.js:103|b:set
p|set|../utils.js:57|input:set
r|(anonymous)|../utils.js:110|__ret:set
r|scanfill|../triangulate.js:459|__ret:Array
p|colinear|../mathlib.js:43|c:Vector3
p|colinear|../mathlib.js:43|b:Vector3
p|colinear|../mathlib.js:43|a:Vector3
r|colinear|../mathlib.js:55|__ret:Boolean
p|(anonymous)|../utils.js:266|key:Number
r|(anonymous)|../utils.js:267|__ret:Array
r|(anonymous)|../mathlib.js:370|__ret:set
p|make_tri|../triangulate.js:58|v3:Element
p|make_tri|../triangulate.js:58|v2:Element
p|make_tri|../triangulate.js:58|v1:Element
p|make_tri|../triangulate.js:58|m:Mesh

p|(anonymous)|../mesh.js:1153|check_exist:Boolean
p|(anonymous)|../mesh.js:1127|verts:Array
r|(anonymous)|../mesh.js:1150|__ret:undefined
r|make_tri|../triangulate.js:61|__ret:Element
r|(anonymous)|../mathlib.js:376|__ret:set
r|scanfill|../triangulate.js:446|__ret:Array
p|find_outer_verts|../triangulate.js:37|edges:set
p|find_outer_verts|../triangulate.js:37|tris:set
p|add_vert|../triangulate.js:31|verts:Array
p|add_vert|../triangulate.js:31|vset:set
p|add_vert|../triangulate.js:31|v:Element
r|find_outer_verts|../triangulate.js:55|__ret:Array
p|isect_new_edge_and_tris|../triangulate.js:67|tris:spatialhash
p|isect_new_edge_and_tris|../triangulate.js:67|edges:spatialhash
p|isect_new_edge_and_tris|../triangulate.js:67|v2:Element
p|isect_new_edge_and_tris|../triangulate.js:67|v1:Element
r|(anonymous)|../mathlib.js:451|__ret:SetIter
p|line_line_cross|../mathlib.js:61|margin:undefined
p|line_line_cross|../mathlib.js:61|l2:Array
p|line_line_cross|../mathlib.js:61|l1:Array
p|winding|../mathlib.js:8|c:Vector3

p|winding|../mathlib.js:8|b:Vector3
p|winding|../mathlib.js:8|a:Vector3
r|winding|../mathlib.js:16|__ret:Boolean
r|line_line_cross|../mathlib.js:77|__ret:Boolean
r|isect_new_edge_and_tris|../triangulate.js:94|__ret:Boolean
r|isect_new_edge_and_tris|../triangulate.js:80|__ret:Element
p|find_tri|../triangulate.js:177|tsh:spatialhash
p|find_tri|../triangulate.js:177|edge:Element
p|list|../utils.js:3|iter:Array
p|find_edge|../triangulate.js:97|v2:Element
p|find_edge|../triangulate.js:97|v1:Element
r|find_edge|../triangulate.js:100|__ret:Element
r|(anonymous)|../mesh.js:132|__ret:Number
r|(anonymous)|../mesh.js:148|__ret:Number
p|point_in_tri|../mathlib.js:80|v3:Vector3
p|point_in_tri|../mathlib.js:80|v2:Vector3
p|point_in_tri|../mathlib.js:80|v1:Vector3
p|point_in_tri|../mathlib.js:80|p:Vector3
r|point_in_tri|../mathlib.js:85|__ret:Boolean
r|find_tri|../triangulate.js:286|__ret:Array
r|scanfill|../triangulate.js:528|__ret:Array

p|delauney_flip|../triangulate.js:568|edges:spatialhash
p|delauney_flip|../triangulate.js:568|tris:spatialhash
p|delauney_flip|../triangulate.js:568|loops:Array
p|delauney_flip|../triangulate.js:568|m:Mesh
p|set|../utils.js:57|input:spatialhash
p|test_flip|../triangulate.js:541|e:Element
r|test_flip|../triangulate.js:542|__ret:Boolean
p|other_tri_vert|../triangulate.js:532|f:Element
p|other_tri_vert|../triangulate.js:532|e:Element
r|other_tri_vert|../triangulate.js:535|__ret:Element
p|convex_quad|../mathlib.js:88|v4:Vector3
p|convex_quad|../mathlib.js:88|v3:Vector3
p|convex_quad|../mathlib.js:88|v2:Vector3
p|convex_quad|../mathlib.js:88|v1:Vector3
r|convex_quad|../mathlib.js:89|__ret:Boolean
p|get_tri_circ|../mathlib.js:222|c:Vector3
p|get_tri_circ|../mathlib.js:222|b:Vector3
p|get_tri_circ|../mathlib.js:222|a:Vector3
r|get_tri_circ|../mathlib.js:270|__ret:Array
r|test_flip|../triangulate.js:563|__ret:Boolean
p|(anonymous)|../mathlib.js:511|b:Element

r|(anonymous)|../mathlib.js:512|__ret:Boolean
p|(anonymous)|../mathlib.js:444|item:Element
p|(anonymous)|../utils.js:94|item:Element
p|(anonymous)|../mesh.js:1318|e:Element
r|delauney_flip|../triangulate.js:628|__ret:Array
p|constrain_delauney|../triangulate.js:760|edges:set
p|constrain_delauney|../triangulate.js:760|tris:spatialhash
p|constrain_delauney|../triangulate.js:760|loops:Array
p|constrain_delauney|../triangulate.js:760|m:Mesh
p|HashKeyIter|../utils.js:212|hash:hashtable
r|(anonymous)|../utils.js:251|__ret:HashKeyIter
p|count_faces|../triangulate.js:834|mainloop:set
p|count_faces|../triangulate.js:834|e:Element
r|count_faces|../triangulate.js:847|__ret:Number
r|constrain_delauney|../triangulate.js:959|__ret:Array
p|cut_holes|../triangulate.js:631|edges:set
p|cut_holes|../triangulate.js:631|tris:spatialhash
p|cut_holes|../triangulate.js:631|loops:Array
p|cut_holes|../triangulate.js:631|m:Mesh
p|(anonymous)|../utils.js:235|item:Array
p|(anonymous)|../J3DIMath.js:1147|v:Number

r|(anonymous)|../J3DIMath.js:1153|__ret:Vector3
p|list|../utils.js:3|iter:set
r|cut_holes|../triangulate.js:758|__ret:Array
r|face_fill|../triangulate.js:1035|__ret:Mesh
r|cut_holes|../triangulate.js:722|__ret:Array
r|(anonymous)|../3dview.js:277|__ret:undefined
r|(anonymous)|../3dview.js:493|__ret:Number
p|gpu_subsurf|../subsurf.js:416|ss_mesh:undefined
p|gpu_subsurf|../subsurf.js:416|steps:Number
p|gpu_subsurf|../subsurf.js:416|in_mesh2:Mesh
p|gpu_subsurf|../subsurf.js:416|gl:WebGLRenderingContext
p|_quad_subd|../esubdivide.js:128|set_old_pointer:Boolean
p|_quad_subd|../esubdivide.js:128|faceiter:GeoArray
p|vert_smooth|../opsapi.js:507|vertiter:GeoArray
p|match_quad|../subsurf.js:148|f:Element
p|Patch|../subsurf.js:22|degy:Number
p|Patch|../subsurf.js:22|degx:Number
p|gen_xy_array|../subsurf.js:8|sizey:Number
p|gen_xy_array|../subsurf.js:8|sizex:Number
r|gen_xy_array|../subsurf.js:18|__ret:Array
p|corner|../subsurf.js:155|i:Number

p|corner|../subsurf.js:155|y:Number
p|corner|../subsurf.js:155|x:Number
p|get_ring|../subsurf.js:113|f:Element
p|get_ring|../subsurf.js:113|v:Element
r|(anonymous)|../mesh.js:234|__ret:String
r|get_ring|../subsurf.js:141|__ret:Array
p|norm|../subsurf.js:100|m:Array
p|(anonymous)|../J3DIMath.js:1259|s:Number
r|(anonymous)|../J3DIMath.js:1265|__ret:Vector3
p|edge|../subsurf.js:221|v2:Element
p|edge|../subsurf.js:221|v1:Element
p|edge|../subsurf.js:221|y2:Number
p|edge|../subsurf.js:221|x2:Number
p|edge|../subsurf.js:221|y1:Number
p|edge|../subsurf.js:221|x1:Number
p|get_e_ring|../subsurf.js:184|f:Element
p|get_e_ring|../subsurf.js:184|v2:Element
p|get_e_ring|../subsurf.js:184|v1:Element
r|get_e_ring|../subsurf.js:218|__ret:Array
p|interior|../subsurf.js:269|v:Element
p|interior|../subsurf.js:269|y:Number

p|interior|../subsurf.js:269|x:Number
r|match_quad|../subsurf.js:299|__ret:Patch
p|(anonymous)|../subsurf.js:28|v:Number
p|(anonymous)|../subsurf.js:28|u:Number
r|(anonymous)|../subsurf.js:50|__ret:Vector3
r|gpu_subsurf|../subsurf.js:709|__ret:Mesh
p|destroy_subsurf_mesh|../subsurf.js:778|ss_mesh:Mesh
p|destroy_subsurf_mesh|../subsurf.js:778|gl:WebGLRenderingContext
p|(anonymous)|../draw.js:80|gl:undefined
p|subsurf_render|../subsurf.js:712|drawmats:DrawMats
p|subsurf_render|../subsurf.js:712|mesh:Mesh
p|subsurf_render|../subsurf.js:712|ss_mesh:Mesh
p|subsurf_render|../subsurf.js:712|gl:WebGLRenderingContext
p|set_light_uniform|../draw.js:576|drawmats:DrawMats
p|set_light_uniform|../draw.js:576|program:ShaderProgram
p|set_light_uniform|../draw.js:576|gl:WebGLRenderingContext
p|render_mesh_elements|../draw.js:524|draw_edges:Boolean
p|(anonymous)|../3dview.js:230|mpos:Vector3
r|(anonymous)|../3dview.js:252|__ret:Element
p|(anonymous)|../3dview.js:763|tool:TranslateOp
p|(anonymous)|../trans_ops.js:350|ctx:Context

r|(anonymous)|../trans_ops.js:358|__ret:Boolean
p|(anonymous)|../3dview.js:732|tool:TranslateOp
p|(anonymous)|../events.js:40|handler:TranslateOp
p|gpu_subsurf|../subsurf.js:416|ss_mesh:Mesh
r|gpu_subsurf|../subsurf.js:604|__ret:Mesh
p|(anonymous)|../3dview.js:732|tool:RotateOp
p|(anonymous)|../trans_ops.js:524|ctx:Context
p|(anonymous)|../3dview.js:74|v2:Vector3
p|(anonymous)|../3dview.js:74|v1:Vector3
p|drawline|../3dview.js:1|co2:Vector3
p|drawline|../3dview.js:1|co1:Vector3
r|(anonymous)|../3dview.js:83|__ret:drawline
p|(anonymous)|../events.js:40|handler:RotateOp
p|(anonymous)|../trans_ops.js:542|event:MyMouseEvent
p|(anonymous)|../trans_ops.js:589|ctx:Context
r|(anonymous)|../trans_ops.js:597|__ret:undefined
r|(anonymous)|../trans_ops.js:641|__ret:undefined
r|(anonymous)|../utils.js:129|__ret:drawline
p|(anonymous)|../3dview.js:70|dl:drawline
p|(anonymous)|../utils.js:152|item:drawline
p|prior|../utils.js:415|obj:RotateOp

